The system is: Darwin - 10.8.0 - i386
Compiling the C compiler identification source file "CMakeCCompilerId.c" succeeded.
Compiler: /Developer/usr/bin/gcc 
Build flags: 
Id flags: 

The output was:
0


Compilation of the C compiler identification source "CMakeCCompilerId.c" produced "a.out"

The C compiler identification is GNU, found in "/Users/afisk/code/firebreath-1.6/projects/build/CMakeFiles/CompilerIdC/a.out"

Compiling the CXX compiler identification source file "CMakeCXXCompilerId.cpp" succeeded.
Compiler: /Developer/usr/bin/g++ 
Build flags: 
Id flags: 

The output was:
0


Compilation of the CXX compiler identification source "CMakeCXXCompilerId.cpp" produced "a.out"

The CXX compiler identification is GNU, found in "/Users/afisk/code/firebreath-1.6/projects/build/CMakeFiles/CompilerIdCXX/a.out"

Determining if the C compiler works passed with the following output:
Change Dir: /Users/afisk/code/firebreath-1.6/projects/build/CMakeFiles/CMakeTmp

Run Build Command:/Applications/CMake\ 2.8-6.app/Contents/bin/cmakexbuild -project CMAKE_TRY_COMPILE.xcodeproj build -target cmTryCompileExec -configuration Debug

=== BUILD NATIVE TARGET cmTryCompileExec OF PROJECT CMAKE_TRY_COMPILE WITH CONFIGURATION Debug ===
Check dependencies
CompileC CMAKE_TRY_COMPILE.build/Debug/cmTryCompileExec.build/Objects-normal/x86_64/testCCompiler.o testCCompiler.c normal x86_64 c com.apple.compilers.gcc.4_2
    cd /Users/afisk/code/firebreath-1.6/projects/build/CMakeFiles/CMakeTmp
    /Developer/usr/bin/gcc-4.2 -x c -arch x86_64 -fmessage-length=0 -pipe -Wno-trigraphs -fpascal-strings -fasm-blocks -O0 -mdynamic-no-pic -DCMAKE_INTDIR="Debug" -isysroot /Developer/SDKs/MacOSX10.6.sdk -mmacosx-version-min=10.6 -gdwarf-2 -Wmost -Wno-four-char-constants -Wno-unknown-pragmas -F/Users/afisk/code/firebreath-1.6/projects/build/CMakeFiles/CMakeTmp/Debug -I/Users/afisk/code/firebreath-1.6/projects/build/CMakeFiles/CMakeTmp/Debug/include -I/Users/afisk/code/firebreath-1.6/projects/build/CMakeFiles/CMakeTmp/CMAKE_TRY_COMPILE.build/Debug/cmTryCompileExec.build/DerivedSources/x86_64 -I/Users/afisk/code/firebreath-1.6/projects/build/CMakeFiles/CMakeTmp/CMAKE_TRY_COMPILE.build/Debug/cmTryCompileExec.build/DerivedSources -c /Users/afisk/code/firebreath-1.6/projects/build/CMakeFiles/CMakeTmp/testCCompiler.c -o /Users/afisk/code/firebreath-1.6/projects/build/CMakeFiles/CMakeTmp/CMAKE_TRY_COMPILE.build/Debug/cmTryCompileExec.build/Objects-normal/x86_64/testCCompiler.o

Ld Debug/cmTryCompileExec normal x86_64
    cd /Users/afisk/code/firebreath-1.6/projects/build/CMakeFiles/CMakeTmp
    /Developer/usr/bin/gcc-4.2 -arch x86_64 -isysroot /Developer/SDKs/MacOSX10.6.sdk -L/Users/afisk/code/firebreath-1.6/projects/build/CMakeFiles/CMakeTmp/Debug -F/Users/afisk/code/firebreath-1.6/projects/build/CMakeFiles/CMakeTmp/Debug -filelist /Users/afisk/code/firebreath-1.6/projects/build/CMakeFiles/CMakeTmp/CMAKE_TRY_COMPILE.build/Debug/cmTryCompileExec.build/Objects-normal/x86_64/cmTryCompileExec.LinkFileList -mmacosx-version-min=10.6 -Wl,-search_paths_first -Wl,-headerpad_max_install_names -o /Users/afisk/code/firebreath-1.6/projects/build/CMakeFiles/CMakeTmp/Debug/cmTryCompileExec

PhaseScriptExecution "CMake PostBuild Rules" CMAKE_TRY_COMPILE.build/Debug/cmTryCompileExec.build/Script-94D86F717E9E407C8964C204.sh
    cd /Users/afisk/code/firebreath-1.6/projects/build/CMakeFiles/CMakeTmp
    /bin/sh -c /Users/afisk/code/firebreath-1.6/projects/build/CMakeFiles/CMakeTmp/CMAKE_TRY_COMPILE.build/Debug/cmTryCompileExec.build/Script-94D86F717E9E407C8964C204.sh

echo "Depend check for xcode"
Depend check for xcode
cd /Users/afisk/code/firebreath-1.6/projects/build/CMakeFiles/CMakeTmp && make -C /Users/afisk/code/firebreath-1.6/projects/build/CMakeFiles/CMakeTmp -f /Users/afisk/code/firebreath-1.6/projects/build/CMakeFiles/CMakeTmp/CMakeScripts/XCODE_DEPEND_HELPER.make PostBuild.cmTryCompileExec.Debug
make[1]: Nothing to be done for `PostBuild.cmTryCompileExec.Debug'.
** BUILD SUCCEEDED **



Detecting C compiler ABI info compiled with the following output:
Change Dir: /Users/afisk/code/firebreath-1.6/projects/build/CMakeFiles/CMakeTmp

Run Build Command:/Applications/CMake\ 2.8-6.app/Contents/bin/cmakexbuild -project CMAKE_TRY_COMPILE.xcodeproj build -target cmTryCompileExec -configuration Debug

=== BUILD NATIVE TARGET cmTryCompileExec OF PROJECT CMAKE_TRY_COMPILE WITH CONFIGURATION Debug ===
Check dependencies
CompileC CMAKE_TRY_COMPILE.build/Debug/cmTryCompileExec.build/Objects-normal/i386/CMakeCCompilerABI.o "../../../../../../../../Applications/CMake 2.8-6.app/Contents/share/cmake-2.8/Modules/CMakeCCompilerABI.c" normal i386 c com.apple.compilers.gcc.4_2
    cd /Users/afisk/code/firebreath-1.6/projects/build/CMakeFiles/CMakeTmp
    /Developer/usr/bin/gcc-4.2 -x c -arch i386 -fmessage-length=0 -pipe -Wno-trigraphs -fpascal-strings -fasm-blocks -O0 -mdynamic-no-pic -DCMAKE_INTDIR="Debug" -isysroot /Developer/SDKs/MacOSX10.6.sdk -mmacosx-version-min=10.6 -gdwarf-2 -Wmost -Wno-four-char-constants -Wno-unknown-pragmas -F/Users/afisk/code/firebreath-1.6/projects/build/CMakeFiles/CMakeTmp/Debug -I/Users/afisk/code/firebreath-1.6/projects/build/CMakeFiles/CMakeTmp/Debug/include -I/Users/afisk/code/firebreath-1.6/projects/build/CMakeFiles/CMakeTmp/CMAKE_TRY_COMPILE.build/Debug/cmTryCompileExec.build/DerivedSources/i386 -I/Users/afisk/code/firebreath-1.6/projects/build/CMakeFiles/CMakeTmp/CMAKE_TRY_COMPILE.build/Debug/cmTryCompileExec.build/DerivedSources -c "/Users/afisk/code/firebreath-1.6/projects/build/CMakeFiles/CMakeTmp/../../../../../../../../Applications/CMake 2.8-6.app/Contents/share/cmake-2.8/Modules/CMakeCCompilerABI.c" -o /Users/afisk/code/firebreath-1.6/projects/build/CMakeFiles/CMakeTmp/CMAKE_TRY_COMPILE.build/Debug/cmTryCompileExec.build/Objects-normal/i386/CMakeCCompilerABI.o

CompileC CMAKE_TRY_COMPILE.build/Debug/cmTryCompileExec.build/Objects-normal/x86_64/CMakeCCompilerABI.o "../../../../../../../../Applications/CMake 2.8-6.app/Contents/share/cmake-2.8/Modules/CMakeCCompilerABI.c" normal x86_64 c com.apple.compilers.gcc.4_2
    cd /Users/afisk/code/firebreath-1.6/projects/build/CMakeFiles/CMakeTmp
    /Developer/usr/bin/gcc-4.2 -x c -arch x86_64 -fmessage-length=0 -pipe -Wno-trigraphs -fpascal-strings -fasm-blocks -O0 -mdynamic-no-pic -DCMAKE_INTDIR="Debug" -isysroot /Developer/SDKs/MacOSX10.6.sdk -mmacosx-version-min=10.6 -gdwarf-2 -Wmost -Wno-four-char-constants -Wno-unknown-pragmas -F/Users/afisk/code/firebreath-1.6/projects/build/CMakeFiles/CMakeTmp/Debug -I/Users/afisk/code/firebreath-1.6/projects/build/CMakeFiles/CMakeTmp/Debug/include -I/Users/afisk/code/firebreath-1.6/projects/build/CMakeFiles/CMakeTmp/CMAKE_TRY_COMPILE.build/Debug/cmTryCompileExec.build/DerivedSources/x86_64 -I/Users/afisk/code/firebreath-1.6/projects/build/CMakeFiles/CMakeTmp/CMAKE_TRY_COMPILE.build/Debug/cmTryCompileExec.build/DerivedSources -c "/Users/afisk/code/firebreath-1.6/projects/build/CMakeFiles/CMakeTmp/../../../../../../../../Applications/CMake 2.8-6.app/Contents/share/cmake-2.8/Modules/CMakeCCompilerABI.c" -o /Users/afisk/code/firebreath-1.6/projects/build/CMakeFiles/CMakeTmp/CMAKE_TRY_COMPILE.build/Debug/cmTryCompileExec.build/Objects-normal/x86_64/CMakeCCompilerABI.o

Ld CMAKE_TRY_COMPILE.build/Debug/cmTryCompileExec.build/Objects-normal/i386/cmTryCompileExec normal i386
    cd /Users/afisk/code/firebreath-1.6/projects/build/CMakeFiles/CMakeTmp
    /Developer/usr/bin/gcc-4.2 -arch i386 -isysroot /Developer/SDKs/MacOSX10.6.sdk -L/Users/afisk/code/firebreath-1.6/projects/build/CMakeFiles/CMakeTmp/Debug -F/Users/afisk/code/firebreath-1.6/projects/build/CMakeFiles/CMakeTmp/Debug -filelist /Users/afisk/code/firebreath-1.6/projects/build/CMakeFiles/CMakeTmp/CMAKE_TRY_COMPILE.build/Debug/cmTryCompileExec.build/Objects-normal/i386/cmTryCompileExec.LinkFileList -mmacosx-version-min=10.6 -v -Wl,-search_paths_first -Wl,-headerpad_max_install_names -o /Users/afisk/code/firebreath-1.6/projects/build/CMakeFiles/CMakeTmp/CMAKE_TRY_COMPILE.build/Debug/cmTryCompileExec.build/Objects-normal/i386/cmTryCompileExec

Using built-in specs.
Target: i686-apple-darwin10
Configured with: /var/tmp/gcc/gcc-5659~1/src/configure --disable-checking --enable-werror --prefix=/usr --mandir=/share/man --enable-languages=c,objc,c++,obj-c++ --program-transform-name=/^[cg][^.-]*$/s/$/-4.2/ --with-slibdir=/usr/lib --build=i686-apple-darwin10 --program-prefix=i686-apple-darwin10- --host=x86_64-apple-darwin10 --target=i686-apple-darwin10 --with-gxx-include-dir=/include/c++/4.2.1
Thread model: posix
gcc version 4.2.1 (Apple Inc. build 5659)
 /Developer/usr/bin/../libexec/gcc/i686-apple-darwin10/4.2.1/collect2 -dynamic -arch i386 -macosx_version_min 10.6 -syslibroot /Developer/SDKs/MacOSX10.6.sdk -weak_reference_mismatches non-weak -o /Users/afisk/code/firebreath-1.6/projects/build/CMakeFiles/CMakeTmp/CMAKE_TRY_COMPILE.build/Debug/cmTryCompileExec.build/Objects-normal/i386/cmTryCompileExec -lcrt1.10.6.o -L/Users/afisk/code/firebreath-1.6/projects/build/CMakeFiles/CMakeTmp/Debug -L/Developer/SDKs/MacOSX10.6.sdk/usr/lib/i686-apple-darwin10/4.2.1 -L/Developer/SDKs/MacOSX10.6.sdk/usr/lib -L/Developer/usr/bin/../lib/gcc/i686-apple-darwin10/4.2.1 -L/Developer/usr/bin/../lib/gcc -L/usr/lib/gcc/i686-apple-darwin10/4.2.1 -L/usr/lib/gcc/i686-apple-darwin10/4.2.1 -L/Developer/usr/bin/../lib/gcc/i686-apple-darwin10/4.2.1/../../../i686-apple-darwin10/4.2.1 -L/Developer/usr/bin/../lib/gcc/i686-apple-darwin10/4.2.1/../../.. -L/Developer/SDKs/MacOSX10.6.sdk/usr/lib/gcc/i686-apple-darwin10/4.2.1/../../../i686-apple-darwin10/4.2.1 -L/Developer/SDKs/MacOSX10.6.sdk/usr/lib/gcc/i686-apple-darwin10/4.2.1/../../.. -filelist /Users/afisk/code/firebreath-1.6/projects/build/CMakeFiles/CMakeTmp/CMAKE_TRY_COMPILE.build/Debug/cmTryCompileExec.build/Objects-normal/i386/cmTryCompileExec.LinkFileList -search_paths_first -headerpad_max_install_names -lSystem -lgcc -lSystem -F/Users/afisk/code/firebreath-1.6/projects/build/CMakeFiles/CMakeTmp/Debug
Ld CMAKE_TRY_COMPILE.build/Debug/cmTryCompileExec.build/Objects-normal/x86_64/cmTryCompileExec normal x86_64
    cd /Users/afisk/code/firebreath-1.6/projects/build/CMakeFiles/CMakeTmp
    /Developer/usr/bin/gcc-4.2 -arch x86_64 -isysroot /Developer/SDKs/MacOSX10.6.sdk -L/Users/afisk/code/firebreath-1.6/projects/build/CMakeFiles/CMakeTmp/Debug -F/Users/afisk/code/firebreath-1.6/projects/build/CMakeFiles/CMakeTmp/Debug -filelist /Users/afisk/code/firebreath-1.6/projects/build/CMakeFiles/CMakeTmp/CMAKE_TRY_COMPILE.build/Debug/cmTryCompileExec.build/Objects-normal/x86_64/cmTryCompileExec.LinkFileList -mmacosx-version-min=10.6 -v -Wl,-search_paths_first -Wl,-headerpad_max_install_names -o /Users/afisk/code/firebreath-1.6/projects/build/CMakeFiles/CMakeTmp/CMAKE_TRY_COMPILE.build/Debug/cmTryCompileExec.build/Objects-normal/x86_64/cmTryCompileExec

Using built-in specs.
Target: i686-apple-darwin10
Configured with: /var/tmp/gcc/gcc-5659~1/src/configure --disable-checking --enable-werror --prefix=/usr --mandir=/share/man --enable-languages=c,objc,c++,obj-c++ --program-transform-name=/^[cg][^.-]*$/s/$/-4.2/ --with-slibdir=/usr/lib --build=i686-apple-darwin10 --program-prefix=i686-apple-darwin10- --host=x86_64-apple-darwin10 --target=i686-apple-darwin10 --with-gxx-include-dir=/include/c++/4.2.1
Thread model: posix
gcc version 4.2.1 (Apple Inc. build 5659)
 /Developer/usr/bin/../libexec/gcc/i686-apple-darwin10/4.2.1/collect2 -dynamic -arch x86_64 -macosx_version_min 10.6 -syslibroot /Developer/SDKs/MacOSX10.6.sdk -weak_reference_mismatches non-weak -o /Users/afisk/code/firebreath-1.6/projects/build/CMakeFiles/CMakeTmp/CMAKE_TRY_COMPILE.build/Debug/cmTryCompileExec.build/Objects-normal/x86_64/cmTryCompileExec -lcrt1.10.6.o -L/Users/afisk/code/firebreath-1.6/projects/build/CMakeFiles/CMakeTmp/Debug -L/Developer/usr/bin/../lib/gcc/i686-apple-darwin10/4.2.1/x86_64 -L/usr/lib/gcc/i686-apple-darwin10/4.2.1/x86_64 -L/usr/lib/gcc/i686-apple-darwin10/4.2.1/x86_64 -L/Developer/SDKs/MacOSX10.6.sdk/usr/lib/i686-apple-darwin10/4.2.1 -L/Developer/SDKs/MacOSX10.6.sdk/usr/lib -L/Developer/usr/bin/../lib/gcc/i686-apple-darwin10/4.2.1 -L/Developer/usr/bin/../lib/gcc -L/usr/lib/gcc/i686-apple-darwin10/4.2.1 -L/usr/lib/gcc/i686-apple-darwin10/4.2.1 -L/Developer/usr/bin/../lib/gcc/i686-apple-darwin10/4.2.1/../../../i686-apple-darwin10/4.2.1 -L/Developer/usr/bin/../lib/gcc/i686-apple-darwin10/4.2.1/../../.. -L/Developer/SDKs/MacOSX10.6.sdk/usr/lib/gcc/i686-apple-darwin10/4.2.1/../../../i686-apple-darwin10/4.2.1 -L/Developer/SDKs/MacOSX10.6.sdk/usr/lib/gcc/i686-apple-darwin10/4.2.1/../../.. -filelist /Users/afisk/code/firebreath-1.6/projects/build/CMakeFiles/CMakeTmp/CMAKE_TRY_COMPILE.build/Debug/cmTryCompileExec.build/Objects-normal/x86_64/cmTryCompileExec.LinkFileList -search_paths_first -headerpad_max_install_names -lSystem -lgcc -lSystem -F/Users/afisk/code/firebreath-1.6/projects/build/CMakeFiles/CMakeTmp/Debug
CreateUniversalBinary Debug/cmTryCompileExec normal "i386 x86_64"
    cd /Users/afisk/code/firebreath-1.6/projects/build/CMakeFiles/CMakeTmp
    /usr/bin/lipo -create /Users/afisk/code/firebreath-1.6/projects/build/CMakeFiles/CMakeTmp/CMAKE_TRY_COMPILE.build/Debug/cmTryCompileExec.build/Objects-normal/i386/cmTryCompileExec /Users/afisk/code/firebreath-1.6/projects/build/CMakeFiles/CMakeTmp/CMAKE_TRY_COMPILE.build/Debug/cmTryCompileExec.build/Objects-normal/x86_64/cmTryCompileExec -output /Users/afisk/code/firebreath-1.6/projects/build/CMakeFiles/CMakeTmp/Debug/cmTryCompileExec

PhaseScriptExecution "CMake PostBuild Rules" CMAKE_TRY_COMPILE.build/Debug/cmTryCompileExec.build/Script-31BDDE5AD9C44101AE0B49D8.sh
    cd /Users/afisk/code/firebreath-1.6/projects/build/CMakeFiles/CMakeTmp
    /bin/sh -c /Users/afisk/code/firebreath-1.6/projects/build/CMakeFiles/CMakeTmp/CMAKE_TRY_COMPILE.build/Debug/cmTryCompileExec.build/Script-31BDDE5AD9C44101AE0B49D8.sh

echo "Depend check for xcode"
Depend check for xcode
cd /Users/afisk/code/firebreath-1.6/projects/build/CMakeFiles/CMakeTmp && make -C /Users/afisk/code/firebreath-1.6/projects/build/CMakeFiles/CMakeTmp -f /Users/afisk/code/firebreath-1.6/projects/build/CMakeFiles/CMakeTmp/CMakeScripts/XCODE_DEPEND_HELPER.make PostBuild.cmTryCompileExec.Debug
make[1]: Nothing to be done for `PostBuild.cmTryCompileExec.Debug'.
** BUILD SUCCEEDED **



Determining if the CXX compiler works passed with the following output:
Change Dir: /Users/afisk/code/firebreath-1.6/projects/build/CMakeFiles/CMakeTmp

Run Build Command:/Applications/CMake\ 2.8-6.app/Contents/bin/cmakexbuild -project CMAKE_TRY_COMPILE.xcodeproj build -target cmTryCompileExec -configuration Debug

=== BUILD NATIVE TARGET cmTryCompileExec OF PROJECT CMAKE_TRY_COMPILE WITH CONFIGURATION Debug ===
Check dependencies
CompileC CMAKE_TRY_COMPILE.build/Debug/cmTryCompileExec.build/Objects-normal/x86_64/testCXXCompiler.o testCXXCompiler.cxx normal x86_64 c++ com.apple.compilers.gcc.4_2
    cd /Users/afisk/code/firebreath-1.6/projects/build/CMakeFiles/CMakeTmp
    /Developer/usr/bin/gcc-4.2 -x c++ -arch x86_64 -fmessage-length=0 -pipe -Wno-trigraphs -fpascal-strings -fasm-blocks -O0 -mdynamic-no-pic -DCMAKE_INTDIR="Debug" -isysroot /Developer/SDKs/MacOSX10.6.sdk -mmacosx-version-min=10.6 -Wmost -Wno-four-char-constants -Wno-unknown-pragmas -F/Users/afisk/code/firebreath-1.6/projects/build/CMakeFiles/CMakeTmp/Debug -I/Users/afisk/code/firebreath-1.6/projects/build/CMakeFiles/CMakeTmp/Debug/include -I/Users/afisk/code/firebreath-1.6/projects/build/CMakeFiles/CMakeTmp/CMAKE_TRY_COMPILE.build/Debug/cmTryCompileExec.build/DerivedSources/x86_64 -I/Users/afisk/code/firebreath-1.6/projects/build/CMakeFiles/CMakeTmp/CMAKE_TRY_COMPILE.build/Debug/cmTryCompileExec.build/DerivedSources -g -c /Users/afisk/code/firebreath-1.6/projects/build/CMakeFiles/CMakeTmp/testCXXCompiler.cxx -o /Users/afisk/code/firebreath-1.6/projects/build/CMakeFiles/CMakeTmp/CMAKE_TRY_COMPILE.build/Debug/cmTryCompileExec.build/Objects-normal/x86_64/testCXXCompiler.o

Ld Debug/cmTryCompileExec normal x86_64
    cd /Users/afisk/code/firebreath-1.6/projects/build/CMakeFiles/CMakeTmp
    /Developer/usr/bin/g++-4.2 -arch x86_64 -isysroot /Developer/SDKs/MacOSX10.6.sdk -L/Users/afisk/code/firebreath-1.6/projects/build/CMakeFiles/CMakeTmp/Debug -F/Users/afisk/code/firebreath-1.6/projects/build/CMakeFiles/CMakeTmp/Debug -filelist /Users/afisk/code/firebreath-1.6/projects/build/CMakeFiles/CMakeTmp/CMAKE_TRY_COMPILE.build/Debug/cmTryCompileExec.build/Objects-normal/x86_64/cmTryCompileExec.LinkFileList -mmacosx-version-min=10.6 -Wl,-search_paths_first -Wl,-headerpad_max_install_names -o /Users/afisk/code/firebreath-1.6/projects/build/CMakeFiles/CMakeTmp/Debug/cmTryCompileExec

PhaseScriptExecution "CMake PostBuild Rules" CMAKE_TRY_COMPILE.build/Debug/cmTryCompileExec.build/Script-7E466185885D4F818E5CD1F1.sh
    cd /Users/afisk/code/firebreath-1.6/projects/build/CMakeFiles/CMakeTmp
    /bin/sh -c /Users/afisk/code/firebreath-1.6/projects/build/CMakeFiles/CMakeTmp/CMAKE_TRY_COMPILE.build/Debug/cmTryCompileExec.build/Script-7E466185885D4F818E5CD1F1.sh

echo "Depend check for xcode"
Depend check for xcode
cd /Users/afisk/code/firebreath-1.6/projects/build/CMakeFiles/CMakeTmp && make -C /Users/afisk/code/firebreath-1.6/projects/build/CMakeFiles/CMakeTmp -f /Users/afisk/code/firebreath-1.6/projects/build/CMakeFiles/CMakeTmp/CMakeScripts/XCODE_DEPEND_HELPER.make PostBuild.cmTryCompileExec.Debug
make[1]: Nothing to be done for `PostBuild.cmTryCompileExec.Debug'.
** BUILD SUCCEEDED **



Detecting CXX compiler ABI info compiled with the following output:
Change Dir: /Users/afisk/code/firebreath-1.6/projects/build/CMakeFiles/CMakeTmp

Run Build Command:/Applications/CMake\ 2.8-6.app/Contents/bin/cmakexbuild -project CMAKE_TRY_COMPILE.xcodeproj build -target cmTryCompileExec -configuration Debug

=== BUILD NATIVE TARGET cmTryCompileExec OF PROJECT CMAKE_TRY_COMPILE WITH CONFIGURATION Debug ===
Check dependencies
CompileC CMAKE_TRY_COMPILE.build/Debug/cmTryCompileExec.build/Objects-normal/i386/CMakeCXXCompilerABI.o "../../../../../../../../Applications/CMake 2.8-6.app/Contents/share/cmake-2.8/Modules/CMakeCXXCompilerABI.cpp" normal i386 c++ com.apple.compilers.gcc.4_2
    cd /Users/afisk/code/firebreath-1.6/projects/build/CMakeFiles/CMakeTmp
    /Developer/usr/bin/gcc-4.2 -x c++ -arch i386 -fmessage-length=0 -pipe -Wno-trigraphs -fpascal-strings -fasm-blocks -O0 -mdynamic-no-pic -DCMAKE_INTDIR="Debug" -isysroot /Developer/SDKs/MacOSX10.6.sdk -mmacosx-version-min=10.6 -Wmost -Wno-four-char-constants -Wno-unknown-pragmas -F/Users/afisk/code/firebreath-1.6/projects/build/CMakeFiles/CMakeTmp/Debug -I/Users/afisk/code/firebreath-1.6/projects/build/CMakeFiles/CMakeTmp/Debug/include -I/Users/afisk/code/firebreath-1.6/projects/build/CMakeFiles/CMakeTmp/CMAKE_TRY_COMPILE.build/Debug/cmTryCompileExec.build/DerivedSources/i386 -I/Users/afisk/code/firebreath-1.6/projects/build/CMakeFiles/CMakeTmp/CMAKE_TRY_COMPILE.build/Debug/cmTryCompileExec.build/DerivedSources -g -c "/Users/afisk/code/firebreath-1.6/projects/build/CMakeFiles/CMakeTmp/../../../../../../../../Applications/CMake 2.8-6.app/Contents/share/cmake-2.8/Modules/CMakeCXXCompilerABI.cpp" -o /Users/afisk/code/firebreath-1.6/projects/build/CMakeFiles/CMakeTmp/CMAKE_TRY_COMPILE.build/Debug/cmTryCompileExec.build/Objects-normal/i386/CMakeCXXCompilerABI.o

CompileC CMAKE_TRY_COMPILE.build/Debug/cmTryCompileExec.build/Objects-normal/x86_64/CMakeCXXCompilerABI.o "../../../../../../../../Applications/CMake 2.8-6.app/Contents/share/cmake-2.8/Modules/CMakeCXXCompilerABI.cpp" normal x86_64 c++ com.apple.compilers.gcc.4_2
    cd /Users/afisk/code/firebreath-1.6/projects/build/CMakeFiles/CMakeTmp
    /Developer/usr/bin/gcc-4.2 -x c++ -arch x86_64 -fmessage-length=0 -pipe -Wno-trigraphs -fpascal-strings -fasm-blocks -O0 -mdynamic-no-pic -DCMAKE_INTDIR="Debug" -isysroot /Developer/SDKs/MacOSX10.6.sdk -mmacosx-version-min=10.6 -Wmost -Wno-four-char-constants -Wno-unknown-pragmas -F/Users/afisk/code/firebreath-1.6/projects/build/CMakeFiles/CMakeTmp/Debug -I/Users/afisk/code/firebreath-1.6/projects/build/CMakeFiles/CMakeTmp/Debug/include -I/Users/afisk/code/firebreath-1.6/projects/build/CMakeFiles/CMakeTmp/CMAKE_TRY_COMPILE.build/Debug/cmTryCompileExec.build/DerivedSources/x86_64 -I/Users/afisk/code/firebreath-1.6/projects/build/CMakeFiles/CMakeTmp/CMAKE_TRY_COMPILE.build/Debug/cmTryCompileExec.build/DerivedSources -g -c "/Users/afisk/code/firebreath-1.6/projects/build/CMakeFiles/CMakeTmp/../../../../../../../../Applications/CMake 2.8-6.app/Contents/share/cmake-2.8/Modules/CMakeCXXCompilerABI.cpp" -o /Users/afisk/code/firebreath-1.6/projects/build/CMakeFiles/CMakeTmp/CMAKE_TRY_COMPILE.build/Debug/cmTryCompileExec.build/Objects-normal/x86_64/CMakeCXXCompilerABI.o

Ld CMAKE_TRY_COMPILE.build/Debug/cmTryCompileExec.build/Objects-normal/i386/cmTryCompileExec normal i386
    cd /Users/afisk/code/firebreath-1.6/projects/build/CMakeFiles/CMakeTmp
    /Developer/usr/bin/g++-4.2 -arch i386 -isysroot /Developer/SDKs/MacOSX10.6.sdk -L/Users/afisk/code/firebreath-1.6/projects/build/CMakeFiles/CMakeTmp/Debug -F/Users/afisk/code/firebreath-1.6/projects/build/CMakeFiles/CMakeTmp/Debug -filelist /Users/afisk/code/firebreath-1.6/projects/build/CMakeFiles/CMakeTmp/CMAKE_TRY_COMPILE.build/Debug/cmTryCompileExec.build/Objects-normal/i386/cmTryCompileExec.LinkFileList -mmacosx-version-min=10.6 -v -Wl,-search_paths_first -Wl,-headerpad_max_install_names -o /Users/afisk/code/firebreath-1.6/projects/build/CMakeFiles/CMakeTmp/CMAKE_TRY_COMPILE.build/Debug/cmTryCompileExec.build/Objects-normal/i386/cmTryCompileExec

Using built-in specs.
Target: i686-apple-darwin10
Configured with: /var/tmp/gcc/gcc-5659~1/src/configure --disable-checking --enable-werror --prefix=/usr --mandir=/share/man --enable-languages=c,objc,c++,obj-c++ --program-transform-name=/^[cg][^.-]*$/s/$/-4.2/ --with-slibdir=/usr/lib --build=i686-apple-darwin10 --program-prefix=i686-apple-darwin10- --host=x86_64-apple-darwin10 --target=i686-apple-darwin10 --with-gxx-include-dir=/include/c++/4.2.1
Thread model: posix
gcc version 4.2.1 (Apple Inc. build 5659)
 /Developer/usr/bin/../libexec/gcc/i686-apple-darwin10/4.2.1/collect2 -dynamic -arch i386 -macosx_version_min 10.6 -syslibroot /Developer/SDKs/MacOSX10.6.sdk -weak_reference_mismatches non-weak -o /Users/afisk/code/firebreath-1.6/projects/build/CMakeFiles/CMakeTmp/CMAKE_TRY_COMPILE.build/Debug/cmTryCompileExec.build/Objects-normal/i386/cmTryCompileExec -lcrt1.10.6.o -L/Users/afisk/code/firebreath-1.6/projects/build/CMakeFiles/CMakeTmp/Debug -L/Developer/SDKs/MacOSX10.6.sdk/usr/lib/i686-apple-darwin10/4.2.1 -L/Developer/SDKs/MacOSX10.6.sdk/usr/lib -L/Developer/usr/bin/../lib/gcc/i686-apple-darwin10/4.2.1 -L/Developer/usr/bin/../lib/gcc -L/usr/lib/gcc/i686-apple-darwin10/4.2.1 -L/usr/lib/gcc/i686-apple-darwin10/4.2.1 -L/Developer/usr/bin/../lib/gcc/i686-apple-darwin10/4.2.1/../../../i686-apple-darwin10/4.2.1 -L/Developer/usr/bin/../lib/gcc/i686-apple-darwin10/4.2.1/../../.. -L/Developer/SDKs/MacOSX10.6.sdk/usr/lib/gcc/i686-apple-darwin10/4.2.1/../../../i686-apple-darwin10/4.2.1 -L/Developer/SDKs/MacOSX10.6.sdk/usr/lib/gcc/i686-apple-darwin10/4.2.1/../../.. -filelist /Users/afisk/code/firebreath-1.6/projects/build/CMakeFiles/CMakeTmp/CMAKE_TRY_COMPILE.build/Debug/cmTryCompileExec.build/Objects-normal/i386/cmTryCompileExec.LinkFileList -search_paths_first -headerpad_max_install_names -lstdc++ -lSystem -lgcc -lSystem -F/Users/afisk/code/firebreath-1.6/projects/build/CMakeFiles/CMakeTmp/Debug
Ld CMAKE_TRY_COMPILE.build/Debug/cmTryCompileExec.build/Objects-normal/x86_64/cmTryCompileExec normal x86_64
    cd /Users/afisk/code/firebreath-1.6/projects/build/CMakeFiles/CMakeTmp
    /Developer/usr/bin/g++-4.2 -arch x86_64 -isysroot /Developer/SDKs/MacOSX10.6.sdk -L/Users/afisk/code/firebreath-1.6/projects/build/CMakeFiles/CMakeTmp/Debug -F/Users/afisk/code/firebreath-1.6/projects/build/CMakeFiles/CMakeTmp/Debug -filelist /Users/afisk/code/firebreath-1.6/projects/build/CMakeFiles/CMakeTmp/CMAKE_TRY_COMPILE.build/Debug/cmTryCompileExec.build/Objects-normal/x86_64/cmTryCompileExec.LinkFileList -mmacosx-version-min=10.6 -v -Wl,-search_paths_first -Wl,-headerpad_max_install_names -o /Users/afisk/code/firebreath-1.6/projects/build/CMakeFiles/CMakeTmp/CMAKE_TRY_COMPILE.build/Debug/cmTryCompileExec.build/Objects-normal/x86_64/cmTryCompileExec

Using built-in specs.
Target: i686-apple-darwin10
Configured with: /var/tmp/gcc/gcc-5659~1/src/configure --disable-checking --enable-werror --prefix=/usr --mandir=/share/man --enable-languages=c,objc,c++,obj-c++ --program-transform-name=/^[cg][^.-]*$/s/$/-4.2/ --with-slibdir=/usr/lib --build=i686-apple-darwin10 --program-prefix=i686-apple-darwin10- --host=x86_64-apple-darwin10 --target=i686-apple-darwin10 --with-gxx-include-dir=/include/c++/4.2.1
Thread model: posix
gcc version 4.2.1 (Apple Inc. build 5659)
 /Developer/usr/bin/../libexec/gcc/i686-apple-darwin10/4.2.1/collect2 -dynamic -arch x86_64 -macosx_version_min 10.6 -syslibroot /Developer/SDKs/MacOSX10.6.sdk -weak_reference_mismatches non-weak -o /Users/afisk/code/firebreath-1.6/projects/build/CMakeFiles/CMakeTmp/CMAKE_TRY_COMPILE.build/Debug/cmTryCompileExec.build/Objects-normal/x86_64/cmTryCompileExec -lcrt1.10.6.o -L/Users/afisk/code/firebreath-1.6/projects/build/CMakeFiles/CMakeTmp/Debug -L/Developer/usr/bin/../lib/gcc/i686-apple-darwin10/4.2.1/x86_64 -L/usr/lib/gcc/i686-apple-darwin10/4.2.1/x86_64 -L/usr/lib/gcc/i686-apple-darwin10/4.2.1/x86_64 -L/Developer/SDKs/MacOSX10.6.sdk/usr/lib/i686-apple-darwin10/4.2.1 -L/Developer/SDKs/MacOSX10.6.sdk/usr/lib -L/Developer/usr/bin/../lib/gcc/i686-apple-darwin10/4.2.1 -L/Developer/usr/bin/../lib/gcc -L/usr/lib/gcc/i686-apple-darwin10/4.2.1 -L/usr/lib/gcc/i686-apple-darwin10/4.2.1 -L/Developer/usr/bin/../lib/gcc/i686-apple-darwin10/4.2.1/../../../i686-apple-darwin10/4.2.1 -L/Developer/usr/bin/../lib/gcc/i686-apple-darwin10/4.2.1/../../.. -L/Developer/SDKs/MacOSX10.6.sdk/usr/lib/gcc/i686-apple-darwin10/4.2.1/../../../i686-apple-darwin10/4.2.1 -L/Developer/SDKs/MacOSX10.6.sdk/usr/lib/gcc/i686-apple-darwin10/4.2.1/../../.. -filelist /Users/afisk/code/firebreath-1.6/projects/build/CMakeFiles/CMakeTmp/CMAKE_TRY_COMPILE.build/Debug/cmTryCompileExec.build/Objects-normal/x86_64/cmTryCompileExec.LinkFileList -search_paths_first -headerpad_max_install_names -lstdc++ -lSystem -lgcc -lSystem -F/Users/afisk/code/firebreath-1.6/projects/build/CMakeFiles/CMakeTmp/Debug
CreateUniversalBinary Debug/cmTryCompileExec normal "i386 x86_64"
    cd /Users/afisk/code/firebreath-1.6/projects/build/CMakeFiles/CMakeTmp
    /usr/bin/lipo -create /Users/afisk/code/firebreath-1.6/projects/build/CMakeFiles/CMakeTmp/CMAKE_TRY_COMPILE.build/Debug/cmTryCompileExec.build/Objects-normal/i386/cmTryCompileExec /Users/afisk/code/firebreath-1.6/projects/build/CMakeFiles/CMakeTmp/CMAKE_TRY_COMPILE.build/Debug/cmTryCompileExec.build/Objects-normal/x86_64/cmTryCompileExec -output /Users/afisk/code/firebreath-1.6/projects/build/CMakeFiles/CMakeTmp/Debug/cmTryCompileExec

PhaseScriptExecution "CMake PostBuild Rules" CMAKE_TRY_COMPILE.build/Debug/cmTryCompileExec.build/Script-8393968E73B54213BC361834.sh
    cd /Users/afisk/code/firebreath-1.6/projects/build/CMakeFiles/CMakeTmp
    /bin/sh -c /Users/afisk/code/firebreath-1.6/projects/build/CMakeFiles/CMakeTmp/CMAKE_TRY_COMPILE.build/Debug/cmTryCompileExec.build/Script-8393968E73B54213BC361834.sh

echo "Depend check for xcode"
Depend check for xcode
cd /Users/afisk/code/firebreath-1.6/projects/build/CMakeFiles/CMakeTmp && make -C /Users/afisk/code/firebreath-1.6/projects/build/CMakeFiles/CMakeTmp -f /Users/afisk/code/firebreath-1.6/projects/build/CMakeFiles/CMakeTmp/CMakeScripts/XCODE_DEPEND_HELPER.make PostBuild.cmTryCompileExec.Debug
make[1]: Nothing to be done for `PostBuild.cmTryCompileExec.Debug'.
** BUILD SUCCEEDED **



